Using pre-set license
Built from '2020.3/staging' branch; Version is '2020.3.0f1 (c7b5465681fb) revision 13088070'; Using compiler version '192528614'; Build Type 'Release'
OS: 'Windows 10 Pro; OS build 19041.867; Version 2004; 64bit' Language: 'en' Physical Memory: 32666 MB
BatchMode: 1, IsHumanControllingUs: 0, StartBugReporterOnCrash: 0, Is64bit: 1, IsPro: 0

 COMMAND LINE ARGUMENTS:
C:\Program Files\Unity\Hub\Editor\2020.3.0f1\Editor\Unity.exe
-adb2
-batchMode
-noUpm
-name
AssetImportWorker0
-projectPath
E:/Hobbies/Programming/Unity/Minecraft Tutorial
-logFile
Logs/AssetImportWorker0.log
-srvPort
62270
Successfully changed project path to: E:/Hobbies/Programming/Unity/Minecraft Tutorial
E:/Hobbies/Programming/Unity/Minecraft Tutorial
Using Asset Import Pipeline V2.
Refreshing native plugins compatible for Editor in 17.87 ms, found 0 plugins.
Preloading 0 native plugins for Editor in 0.00 ms.
Initialize engine version: 2020.3.0f1 (c7b5465681fb)
[Subsystems] Discovering subsystems at path C:/Program Files/Unity/Hub/Editor/2020.3.0f1/Editor/Data/Resources/UnitySubsystems
[Subsystems] Discovering subsystems at path E:/Hobbies/Programming/Unity/Minecraft Tutorial/Assets
GfxDevice: creating device client; threaded=0
Direct3D:
    Version:  Direct3D 11.0 [level 11.1]
    Renderer: NVIDIA GeForce GTX 1070 (ID=0x1b81)
    Vendor:   
    VRAM:     8088 MB
    Driver:   27.21.14.6192
Initialize mono
Mono path[0] = 'C:/Program Files/Unity/Hub/Editor/2020.3.0f1/Editor/Data/Managed'
Mono path[1] = 'C:/Program Files/Unity/Hub/Editor/2020.3.0f1/Editor/Data/MonoBleedingEdge/lib/mono/unityjit'
Mono config path = 'C:/Program Files/Unity/Hub/Editor/2020.3.0f1/Editor/Data/MonoBleedingEdge/etc'
Using monoOptions --debugger-agent=transport=dt_socket,embedding=1,server=y,suspend=n,address=127.0.0.1:56652
Begin MonoManager ReloadAssembly
Registering precompiled unity dll's ...
Register platform support module: C:/Program Files/Unity/Hub/Editor/2020.3.0f1/Editor/Data/PlaybackEngines/WindowsStandaloneSupport/UnityEditor.WindowsStandalone.Extensions.dll
Register platform support module: C:/Program Files/Unity/Hub/Editor/2020.3.0f1/Editor/Data/PlaybackEngines/LinuxStandaloneSupport/UnityEditor.LinuxStandalone.Extensions.dll
Registered in 0.001564 seconds.
Native extension for LinuxStandalone target not found
Native extension for WindowsStandalone target not found
Refreshing native plugins compatible for Editor in 17.49 ms, found 0 plugins.
Preloading 0 native plugins for Editor in 0.00 ms.
Invoked RoslynAnalysisRunner static constructor.
RoslynAnalysisRunner will not be running.
RoslynAnalysisRunner has terminated.
Mono: successfully reloaded assembly
- Completed reload, in  1.301 seconds
Platform modules already initialized, skipping
Registering precompiled user dll's ...
Registered in 0.000417 seconds.
Begin MonoManager ReloadAssembly
Native extension for LinuxStandalone target not found
Native extension for WindowsStandalone target not found
Refreshing native plugins compatible for Editor in 0.16 ms, found 0 plugins.
Preloading 0 native plugins for Editor in 0.00 ms.
Invoked RoslynAnalysisRunner static constructor.
RoslynAnalysisRunner will not be running.
RoslynAnalysisRunner has terminated.
Mono: successfully reloaded assembly
- Completed reload, in  0.671 seconds
Platform modules already initialized, skipping
========================================================================
Worker process is ready to serve import requests
Launched and connected shader compiler UnityShaderCompiler.exe after 0.03 seconds
Refreshing native plugins compatible for Editor in 0.16 ms, found 0 plugins.
Preloading 0 native plugins for Editor in 0.00 ms.
Unloading 1113 Unused Serialized files (Serialized files now loaded: 0)
System memory in use before: 56.8 MB.
System memory in use after: 56.9 MB.

Unloading 10 unused Assets to reduce memory usage. Loaded Objects now: 1555.
Total: 1.364400 ms (FindLiveObjects: 0.123500 ms CreateObjectMapping: 0.041000 ms MarkObjects: 1.143800 ms  DeleteObjects: 0.055300 ms)

========================================================================
Received Import Request.
  path: Assets/Scripts
  artifactKey: Guid(b79041f7912436a44939440553c15eed) Importer(815301076,1909f56bfc062723c751e8b465ee728b)
Start importing Assets/Scripts using Guid(b79041f7912436a44939440553c15eed) Importer(815301076,1909f56bfc062723c751e8b465ee728b)  -> (artifact id: '7624bf6248294508e070b57ca4e93738') in 0.006261 seconds
  Import took 0.008030 seconds .

========================================================================
Received Import Request.
  Time since last request: 3.918842 seconds.
  path: Assets/Scripts/VoxelData.cs
  artifactKey: Guid(79d98f5d6e51ed141b88b6e67617af7d) Importer(815301076,1909f56bfc062723c751e8b465ee728b)
Start importing Assets/Scripts/VoxelData.cs using Guid(79d98f5d6e51ed141b88b6e67617af7d) Importer(815301076,1909f56bfc062723c751e8b465ee728b)  -> (artifact id: '46d9b178bff166278a2e29aeeda7d7b8') in 0.017683 seconds
  Import took 0.019247 seconds .

========================================================================
Received Prepare
Registering precompiled user dll's ...
Registered in 0.000311 seconds.
Begin MonoManager ReloadAssembly
Native extension for LinuxStandalone target not found
Native extension for WindowsStandalone target not found
Refreshing native plugins compatible for Editor in 0.17 ms, found 0 plugins.
Preloading 0 native plugins for Editor in 0.00 ms.
Invoked RoslynAnalysisRunner static constructor.
RoslynAnalysisRunner will not be running.
RoslynAnalysisRunner has terminated.
Mono: successfully reloaded assembly
- Completed reload, in  0.584 seconds
Platform modules already initialized, skipping
Refreshing native plugins compatible for Editor in 0.16 ms, found 0 plugins.
Preloading 0 native plugins for Editor in 0.00 ms.
Unloading 1109 Unused Serialized files (Serialized files now loaded: 0)
System memory in use before: 56.8 MB.
System memory in use after: 56.9 MB.

Unloading 5 unused Assets to reduce memory usage. Loaded Objects now: 1559.
Total: 1.353200 ms (FindLiveObjects: 0.118100 ms CreateObjectMapping: 0.035300 ms MarkObjects: 1.131700 ms  DeleteObjects: 0.067300 ms)

========================================================================
Received Import Request.
  Time since last request: 24.375799 seconds.
  path: Assets/Scripts/VoxelData.cs
  artifactKey: Guid(79d98f5d6e51ed141b88b6e67617af7d) Importer(815301076,1909f56bfc062723c751e8b465ee728b)
Start importing Assets/Scripts/VoxelData.cs using Guid(79d98f5d6e51ed141b88b6e67617af7d) Importer(815301076,1909f56bfc062723c751e8b465ee728b)  -> (artifact id: 'fe5e0c9bbcbfaa2d4fc40b3d70d66865') in 0.004274 seconds
  Import took 0.006393 seconds .

========================================================================
Received Import Request.
  Time since last request: 5.643689 seconds.
  path: Assets/Scripts/Chunk.cs
  artifactKey: Guid(18f3bbb900f5db6478d8997c2287e37b) Importer(815301076,1909f56bfc062723c751e8b465ee728b)
Start importing Assets/Scripts/Chunk.cs using Guid(18f3bbb900f5db6478d8997c2287e37b) Importer(815301076,1909f56bfc062723c751e8b465ee728b)  -> (artifact id: 'b599d6b69a457a78315325592aadb92b') in 0.005561 seconds
  Import took 0.007399 seconds .

========================================================================
Received Import Request.
  Time since last request: 30.745802 seconds.
  path: Assets/Scripts/Chunk.cs
  artifactKey: Guid(18f3bbb900f5db6478d8997c2287e37b) Importer(815301076,1909f56bfc062723c751e8b465ee728b)
Start importing Assets/Scripts/Chunk.cs using Guid(18f3bbb900f5db6478d8997c2287e37b) Importer(815301076,1909f56bfc062723c751e8b465ee728b)  -> (artifact id: '11934647a1d24f32d5ffe4d2edc446ee') in 0.001879 seconds
  Import took 0.008168 seconds .

========================================================================
Received Import Request.
  Time since last request: 0.000192 seconds.
  path: Assets/Scripts/Chunk.cs
  artifactKey: Guid(18f3bbb900f5db6478d8997c2287e37b) Importer(815301076,1909f56bfc062723c751e8b465ee728b)
Start importing Assets/Scripts/Chunk.cs using Guid(18f3bbb900f5db6478d8997c2287e37b) Importer(815301076,1909f56bfc062723c751e8b465ee728b)  -> (artifact id: '11934647a1d24f32d5ffe4d2edc446ee') in 0.001814 seconds
  Import took 0.004075 seconds .

========================================================================
Received Prepare
Registering precompiled user dll's ...
Registered in 0.000332 seconds.
Begin MonoManager ReloadAssembly
Native extension for LinuxStandalone target not found
Native extension for WindowsStandalone target not found
Refreshing native plugins compatible for Editor in 0.19 ms, found 0 plugins.
Preloading 0 native plugins for Editor in 0.00 ms.
Invoked RoslynAnalysisRunner static constructor.
RoslynAnalysisRunner will not be running.
RoslynAnalysisRunner has terminated.
Mono: successfully reloaded assembly
- Completed reload, in  0.579 seconds
Platform modules already initialized, skipping
Refreshing native plugins compatible for Editor in 0.16 ms, found 0 plugins.
Preloading 0 native plugins for Editor in 0.00 ms.
Unloading 1110 Unused Serialized files (Serialized files now loaded: 0)
System memory in use before: 56.9 MB.
System memory in use after: 56.9 MB.

Unloading 5 unused Assets to reduce memory usage. Loaded Objects now: 1563.
Total: 1.210700 ms (FindLiveObjects: 0.092600 ms CreateObjectMapping: 0.026800 ms MarkObjects: 1.055000 ms  DeleteObjects: 0.035500 ms)

========================================================================
Received Import Request.
  Time since last request: 40.140434 seconds.
  path: Assets/Scripts/VoxelData.cs
  artifactKey: Guid(79d98f5d6e51ed141b88b6e67617af7d) Importer(815301076,1909f56bfc062723c751e8b465ee728b)
Start importing Assets/Scripts/VoxelData.cs using Guid(79d98f5d6e51ed141b88b6e67617af7d) Importer(815301076,1909f56bfc062723c751e8b465ee728b)  -> (artifact id: '3677a441f23f33b1985a9b977afe84d4') in 0.002950 seconds
  Import took 0.015359 seconds .

========================================================================
Received Prepare
Registering precompiled user dll's ...
Registered in 0.000347 seconds.
Begin MonoManager ReloadAssembly
Native extension for LinuxStandalone target not found
Native extension for WindowsStandalone target not found
Refreshing native plugins compatible for Editor in 0.16 ms, found 0 plugins.
Preloading 0 native plugins for Editor in 0.00 ms.
Invoked RoslynAnalysisRunner static constructor.
RoslynAnalysisRunner will not be running.
RoslynAnalysisRunner has terminated.
Mono: successfully reloaded assembly
- Completed reload, in  0.574 seconds
Platform modules already initialized, skipping
Refreshing native plugins compatible for Editor in 0.15 ms, found 0 plugins.
Preloading 0 native plugins for Editor in 0.00 ms.
Unloading 1110 Unused Serialized files (Serialized files now loaded: 0)
System memory in use before: 56.9 MB.
System memory in use after: 57.0 MB.

Unloading 5 unused Assets to reduce memory usage. Loaded Objects now: 1566.
Total: 1.263000 ms (FindLiveObjects: 0.099500 ms CreateObjectMapping: 0.029300 ms MarkObjects: 1.067700 ms  DeleteObjects: 0.065500 ms)

========================================================================
Received Prepare
Registering precompiled user dll's ...
Registered in 0.000304 seconds.
Begin MonoManager ReloadAssembly
Native extension for LinuxStandalone target not found
Native extension for WindowsStandalone target not found
Refreshing native plugins compatible for Editor in 0.16 ms, found 0 plugins.
Preloading 0 native plugins for Editor in 0.00 ms.
Invoked RoslynAnalysisRunner static constructor.
RoslynAnalysisRunner will not be running.
RoslynAnalysisRunner has terminated.
Mono: successfully reloaded assembly
- Completed reload, in  0.567 seconds
Platform modules already initialized, skipping
Refreshing native plugins compatible for Editor in 0.17 ms, found 0 plugins.
Preloading 0 native plugins for Editor in 0.00 ms.
Unloading 1110 Unused Serialized files (Serialized files now loaded: 0)
System memory in use before: 56.9 MB.
System memory in use after: 57.0 MB.

Unloading 5 unused Assets to reduce memory usage. Loaded Objects now: 1569.
Total: 1.140500 ms (FindLiveObjects: 0.097400 ms CreateObjectMapping: 0.033700 ms MarkObjects: 0.977200 ms  DeleteObjects: 0.031400 ms)

========================================================================
Received Prepare
Registering precompiled user dll's ...
Registered in 0.000374 seconds.
Begin MonoManager ReloadAssembly
Native extension for LinuxStandalone target not found
Native extension for WindowsStandalone target not found
Refreshing native plugins compatible for Editor in 0.16 ms, found 0 plugins.
Preloading 0 native plugins for Editor in 0.00 ms.
Invoked RoslynAnalysisRunner static constructor.
RoslynAnalysisRunner will not be running.
RoslynAnalysisRunner has terminated.
Mono: successfully reloaded assembly
- Completed reload, in  0.580 seconds
Platform modules already initialized, skipping
Refreshing native plugins compatible for Editor in 0.15 ms, found 0 plugins.
Preloading 0 native plugins for Editor in 0.00 ms.
Unloading 1110 Unused Serialized files (Serialized files now loaded: 0)
System memory in use before: 56.9 MB.
System memory in use after: 57.0 MB.

Unloading 5 unused Assets to reduce memory usage. Loaded Objects now: 1572.
Total: 1.128800 ms (FindLiveObjects: 0.102200 ms CreateObjectMapping: 0.032700 ms MarkObjects: 0.958900 ms  DeleteObjects: 0.033800 ms)

========================================================================
Received Prepare
Registering precompiled user dll's ...
Registered in 0.000298 seconds.
Begin MonoManager ReloadAssembly
Native extension for LinuxStandalone target not found
Native extension for WindowsStandalone target not found
Refreshing native plugins compatible for Editor in 0.15 ms, found 0 plugins.
Preloading 0 native plugins for Editor in 0.00 ms.
Invoked RoslynAnalysisRunner static constructor.
RoslynAnalysisRunner will not be running.
RoslynAnalysisRunner has terminated.
Mono: successfully reloaded assembly
- Completed reload, in  0.567 seconds
Platform modules already initialized, skipping
Refreshing native plugins compatible for Editor in 0.15 ms, found 0 plugins.
Preloading 0 native plugins for Editor in 0.00 ms.
Unloading 1110 Unused Serialized files (Serialized files now loaded: 0)
System memory in use before: 56.9 MB.
System memory in use after: 57.0 MB.

Unloading 5 unused Assets to reduce memory usage. Loaded Objects now: 1575.
Total: 1.197900 ms (FindLiveObjects: 0.102300 ms CreateObjectMapping: 0.028800 ms MarkObjects: 1.032000 ms  DeleteObjects: 0.034100 ms)

========================================================================
Received Import Request.
  Time since last request: 883.322921 seconds.
  path: Assets/Materials
  artifactKey: Guid(4e8e14394d9cc634a92233e789551391) Importer(815301076,1909f56bfc062723c751e8b465ee728b)
Start importing Assets/Materials using Guid(4e8e14394d9cc634a92233e789551391) Importer(815301076,1909f56bfc062723c751e8b465ee728b)  -> (artifact id: 'c5c229a6dae71e8352392031fcae6eba') in 0.005809 seconds
  Import took 0.035628 seconds .

========================================================================
Received Import Request.
  Time since last request: 13.504028 seconds.
  path: Assets/Materials/VOxels.mat
  artifactKey: Guid(3b9a7cdc7c7b980468e29034e1687093) Importer(815301076,1909f56bfc062723c751e8b465ee728b)
Start importing Assets/Materials/VOxels.mat using Guid(3b9a7cdc7c7b980468e29034e1687093) Importer(815301076,1909f56bfc062723c751e8b465ee728b)  -> (artifact id: 'e73816e2f91a42a5c2d96ad67cf4d138') in 0.076588 seconds
  Import took 0.078057 seconds .

========================================================================
Received Prepare
Registering precompiled user dll's ...
Registered in 0.000360 seconds.
Begin MonoManager ReloadAssembly
Native extension for LinuxStandalone target not found
Native extension for WindowsStandalone target not found
Refreshing native plugins compatible for Editor in 0.16 ms, found 0 plugins.
Preloading 0 native plugins for Editor in 0.00 ms.
Invoked RoslynAnalysisRunner static constructor.
RoslynAnalysisRunner will not be running.
RoslynAnalysisRunner has terminated.
Mono: successfully reloaded assembly
- Completed reload, in  0.579 seconds
Platform modules already initialized, skipping
Refreshing native plugins compatible for Editor in 0.15 ms, found 0 plugins.
Preloading 0 native plugins for Editor in 0.00 ms.
Unloading 1110 Unused Serialized files (Serialized files now loaded: 0)
System memory in use before: 60.3 MB.
System memory in use after: 60.3 MB.

Unloading 5 unused Assets to reduce memory usage. Loaded Objects now: 1618.
Total: 1.403200 ms (FindLiveObjects: 0.105300 ms CreateObjectMapping: 0.032300 ms MarkObjects: 1.226900 ms  DeleteObjects: 0.037200 ms)

========================================================================
Received Prepare
Registering precompiled user dll's ...
Registered in 0.000384 seconds.
Begin MonoManager ReloadAssembly
Native extension for LinuxStandalone target not found
Native extension for WindowsStandalone target not found
Refreshing native plugins compatible for Editor in 0.23 ms, found 0 plugins.
Preloading 0 native plugins for Editor in 0.00 ms.
Invoked RoslynAnalysisRunner static constructor.
RoslynAnalysisRunner will not be running.
RoslynAnalysisRunner has terminated.
Mono: successfully reloaded assembly
- Completed reload, in  0.621 seconds
Platform modules already initialized, skipping
Refreshing native plugins compatible for Editor in 0.16 ms, found 0 plugins.
Preloading 0 native plugins for Editor in 0.00 ms.
Unloading 1110 Unused Serialized files (Serialized files now loaded: 0)
System memory in use before: 60.3 MB.
System memory in use after: 60.4 MB.

Unloading 5 unused Assets to reduce memory usage. Loaded Objects now: 1621.
Total: 1.227700 ms (FindLiveObjects: 0.108300 ms CreateObjectMapping: 0.029000 ms MarkObjects: 1.052900 ms  DeleteObjects: 0.036500 ms)

========================================================================
Received Import Request.
  Time since last request: 466.819320 seconds.
  path: Assets/Textures
  artifactKey: Guid(04d960bc84031f04a8e60a42d518abd8) Importer(815301076,1909f56bfc062723c751e8b465ee728b)
Start importing Assets/Textures using Guid(04d960bc84031f04a8e60a42d518abd8) Importer(815301076,1909f56bfc062723c751e8b465ee728b)  -> (artifact id: '0c0a741f0449d11b8bcacf4c208b674a') in 0.006588 seconds
  Import took 0.008820 seconds .

========================================================================
Received Import Request.
  Time since last request: 0.002533 seconds.
  path: Assets/Textures
  artifactKey: Guid(04d960bc84031f04a8e60a42d518abd8) Importer(815301076,1909f56bfc062723c751e8b465ee728b)
Start importing Assets/Textures using Guid(04d960bc84031f04a8e60a42d518abd8) Importer(815301076,1909f56bfc062723c751e8b465ee728b)  -> (artifact id: '0c0a741f0449d11b8bcacf4c208b674a') in 0.001624 seconds
  Import took 0.003075 seconds .

========================================================================
Received Import Request.
  Time since last request: 123.356291 seconds.
  path: Assets/Textures/ReferenceTexture.png
  artifactKey: Guid(0bef5c6d4dec05e47aef7edf8126591b) Importer(815301076,1909f56bfc062723c751e8b465ee728b)
Start importing Assets/Textures/ReferenceTexture.png using Guid(0bef5c6d4dec05e47aef7edf8126591b) Importer(815301076,1909f56bfc062723c751e8b465ee728b)  -> (artifact id: '9757b3f8ea1f8ce8ac128d7c70092512') in 0.054421 seconds
  Import took 0.066059 seconds .

========================================================================
Received Import Request.
  Time since last request: 32.202675 seconds.
  path: Assets/Textures/ReferenceTexture.png
  artifactKey: Guid(0bef5c6d4dec05e47aef7edf8126591b) Importer(815301076,1909f56bfc062723c751e8b465ee728b)
Start importing Assets/Textures/ReferenceTexture.png using Guid(0bef5c6d4dec05e47aef7edf8126591b) Importer(815301076,1909f56bfc062723c751e8b465ee728b)  -> (artifact id: '50906a470941401f8dc7ff9efd06bc5c') in 0.004653 seconds
  Import took 0.006678 seconds .

========================================================================
Received Prepare
Registering precompiled user dll's ...
Registered in 0.000382 seconds.
Begin MonoManager ReloadAssembly
Native extension for LinuxStandalone target not found
Native extension for WindowsStandalone target not found
Refreshing native plugins compatible for Editor in 0.15 ms, found 0 plugins.
Preloading 0 native plugins for Editor in 0.00 ms.
Invoked RoslynAnalysisRunner static constructor.
RoslynAnalysisRunner will not be running.
RoslynAnalysisRunner has terminated.
Mono: successfully reloaded assembly
- Completed reload, in  0.574 seconds
Platform modules already initialized, skipping
Refreshing native plugins compatible for Editor in 0.17 ms, found 0 plugins.
Preloading 0 native plugins for Editor in 0.00 ms.
Unloading 1110 Unused Serialized files (Serialized files now loaded: 0)
System memory in use before: 60.3 MB.
System memory in use after: 60.4 MB.

Unloading 5 unused Assets to reduce memory usage. Loaded Objects now: 1626.
Total: 1.197700 ms (FindLiveObjects: 0.116800 ms CreateObjectMapping: 0.032100 ms MarkObjects: 1.011600 ms  DeleteObjects: 0.036100 ms)

========================================================================
Received Prepare
Registering precompiled user dll's ...
Registered in 0.000452 seconds.
Begin MonoManager ReloadAssembly
Native extension for LinuxStandalone target not found
Native extension for WindowsStandalone target not found
Refreshing native plugins compatible for Editor in 0.18 ms, found 0 plugins.
Preloading 0 native plugins for Editor in 0.00 ms.
Invoked RoslynAnalysisRunner static constructor.
RoslynAnalysisRunner will not be running.
RoslynAnalysisRunner has terminated.
Mono: successfully reloaded assembly
- Completed reload, in  0.636 seconds
Platform modules already initialized, skipping
Refreshing native plugins compatible for Editor in 0.17 ms, found 0 plugins.
Preloading 0 native plugins for Editor in 0.00 ms.
Unloading 1110 Unused Serialized files (Serialized files now loaded: 0)
System memory in use before: 60.3 MB.
System memory in use after: 60.4 MB.

Unloading 5 unused Assets to reduce memory usage. Loaded Objects now: 1629.
Total: 1.644400 ms (FindLiveObjects: 0.164200 ms CreateObjectMapping: 0.036300 ms MarkObjects: 1.383600 ms  DeleteObjects: 0.058600 ms)

AssetImportWorkerClient::OnTransportError - code=2 error=End of file
